d:\projects\c++\game\engine\release\engine.pdb
d:\projects\c++\game\engine\release\camera3d.obj
d:\projects\c++\game\engine\release\camera2d.obj
d:\projects\c++\game\engine\release\font.obj
d:\projects\c++\game\engine\release\room.obj
d:\projects\c++\game\engine\release\backgroundlayer.obj
d:\projects\c++\game\engine\release\instancelayer.obj
d:\projects\c++\game\engine\release\particlelayer.obj
d:\projects\c++\game\engine\release\button.obj
d:\projects\c++\game\engine\release\model.obj
d:\projects\c++\game\engine\release\modelmesh.obj
d:\projects\c++\game\engine\release\slider.obj
d:\projects\c++\game\engine\release\label.obj
d:\projects\c++\game\engine\release\particle3d.obj
d:\projects\c++\game\engine\release\particlelayer3d.obj
d:\projects\c++\game\engine\release\guicontrol.obj
d:\projects\c++\game\engine\release\perlinnoise.obj
d:\projects\c++\game\engine\release\camerafirsperson.obj
d:\projects\c++\game\engine\release\mesharray.obj
d:\projects\c++\game\engine\release\guilayer.obj
d:\projects\c++\game\engine\release\fboobject.obj
d:\projects\c++\game\engine\release\uniformmanager.obj
d:\projects\c++\game\engine\release\terrain.obj
d:\projects\c++\game\engine\release\textbox.obj
d:\projects\c++\game\engine\release\timer.obj
d:\projects\c++\game\engine\release\tilemaplayer.obj
d:\projects\c++\game\engine\release\texture.obj
d:\projects\c++\game\engine\release\sprite.obj
d:\projects\c++\game\engine\release\program.obj
d:\projects\c++\game\engine\release\object.obj
d:\projects\c++\game\engine\release\mesh.obj
d:\projects\c++\game\engine\release\helper.obj
d:\projects\c++\game\engine\release\camera.obj
d:\projects\c++\game\engine\release\input.obj
d:\projects\c++\game\engine\release\soundmanager.obj
d:\projects\c++\game\engine\release\boundingbox.obj
d:\projects\c++\game\engine\release\graphics.obj
d:\projects\c++\game\engine\release\particle.obj
d:\projects\c++\game\engine\release\manager.obj
d:\projects\c++\game\engine\release\camerafollow.obj
d:\projects\c++\game\engine\release\camerarotate3d.obj
d:\projects\c++\game\release\engine.lib
d:\projects\c++\game\engine\release\engine.tlog\cl.command.1.tlog
d:\projects\c++\game\engine\release\engine.tlog\cl.read.1.tlog
d:\projects\c++\game\engine\release\engine.tlog\cl.write.1.tlog
d:\projects\c++\game\engine\release\engine.tlog\lib-link.read.1.tlog
d:\projects\c++\game\engine\release\engine.tlog\lib-link.write.1.tlog
d:\projects\c++\game\engine\release\engine.tlog\lib.command.1.tlog
