d:\projects\c++\game\gd2p02 - summative 3 (cloth simulation)\debug\vc142.pdb
d:\projects\c++\game\gd2p02 - summative 3 (cloth simulation)\debug\vc142.idb
d:\projects\c++\game\gd2p02 - summative 3 (cloth simulation)\debug\scene.obj
d:\projects\c++\game\gd2p02 - summative 3 (cloth simulation)\debug\cloth.obj
d:\projects\c++\game\gd2p02 - summative 3 (cloth simulation)\debug\clothparticle.obj
d:\projects\c++\game\gd2p02 - summative 3 (cloth simulation)\debug\clothmesh.obj
d:\projects\c++\game\gd2p02 - summative 3 (cloth simulation)\debug\main.obj
d:\projects\c++\game\debug\gd2p02 - summative 3 (cloth simulation).exe
d:\projects\c++\game\debug\gd2p02 - summative 3 (cloth simulation).ilk
d:\projects\c++\game\debug\gd2p02 - summative 3 (cloth simulation).pdb
d:\projects\c++\game\gd2p02 - summative 3 (cloth simulation)\debug\gd2p02 -.df0b9f89.tlog\cl.command.1.tlog
d:\projects\c++\game\gd2p02 - summative 3 (cloth simulation)\debug\gd2p02 -.df0b9f89.tlog\cl.read.1.tlog
d:\projects\c++\game\gd2p02 - summative 3 (cloth simulation)\debug\gd2p02 -.df0b9f89.tlog\cl.write.1.tlog
d:\projects\c++\game\gd2p02 - summative 3 (cloth simulation)\debug\gd2p02 -.df0b9f89.tlog\link.10108.delete.1.tlog
d:\projects\c++\game\gd2p02 - summative 3 (cloth simulation)\debug\gd2p02 -.df0b9f89.tlog\link.10200.delete.1.tlog
d:\projects\c++\game\gd2p02 - summative 3 (cloth simulation)\debug\gd2p02 -.df0b9f89.tlog\link.1036.delete.1.tlog
d:\projects\c++\game\gd2p02 - summative 3 (cloth simulation)\debug\gd2p02 -.df0b9f89.tlog\link.10768.delete.1.tlog
d:\projects\c++\game\gd2p02 - summative 3 (cloth simulation)\debug\gd2p02 -.df0b9f89.tlog\link.11400.delete.1.tlog
d:\projects\c++\game\gd2p02 - summative 3 (cloth simulation)\debug\gd2p02 -.df0b9f89.tlog\link.11732.delete.1.tlog
d:\projects\c++\game\gd2p02 - summative 3 (cloth simulation)\debug\gd2p02 -.df0b9f89.tlog\link.11944.delete.1.tlog
d:\projects\c++\game\gd2p02 - summative 3 (cloth simulation)\debug\gd2p02 -.df0b9f89.tlog\link.12136.delete.1.tlog
d:\projects\c++\game\gd2p02 - summative 3 (cloth simulation)\debug\gd2p02 -.df0b9f89.tlog\link.12592.delete.1.tlog
d:\projects\c++\game\gd2p02 - summative 3 (cloth simulation)\debug\gd2p02 -.df0b9f89.tlog\link.12732.delete.1.tlog
d:\projects\c++\game\gd2p02 - summative 3 (cloth simulation)\debug\gd2p02 -.df0b9f89.tlog\link.12896.delete.1.tlog
d:\projects\c++\game\gd2p02 - summative 3 (cloth simulation)\debug\gd2p02 -.df0b9f89.tlog\link.13108.delete.1.tlog
d:\projects\c++\game\gd2p02 - summative 3 (cloth simulation)\debug\gd2p02 -.df0b9f89.tlog\link.13192.delete.1.tlog
d:\projects\c++\game\gd2p02 - summative 3 (cloth simulation)\debug\gd2p02 -.df0b9f89.tlog\link.13232.delete.1.tlog
d:\projects\c++\game\gd2p02 - summative 3 (cloth simulation)\debug\gd2p02 -.df0b9f89.tlog\link.13400.delete.1.tlog
d:\projects\c++\game\gd2p02 - summative 3 (cloth simulation)\debug\gd2p02 -.df0b9f89.tlog\link.13616.delete.1.tlog
d:\projects\c++\game\gd2p02 - summative 3 (cloth simulation)\debug\gd2p02 -.df0b9f89.tlog\link.13820.delete.1.tlog
d:\projects\c++\game\gd2p02 - summative 3 (cloth simulation)\debug\gd2p02 -.df0b9f89.tlog\link.13880.delete.1.tlog
d:\projects\c++\game\gd2p02 - summative 3 (cloth simulation)\debug\gd2p02 -.df0b9f89.tlog\link.14984.delete.1.tlog
d:\projects\c++\game\gd2p02 - summative 3 (cloth simulation)\debug\gd2p02 -.df0b9f89.tlog\link.15768.delete.1.tlog
d:\projects\c++\game\gd2p02 - summative 3 (cloth simulation)\debug\gd2p02 -.df0b9f89.tlog\link.16080.delete.1.tlog
d:\projects\c++\game\gd2p02 - summative 3 (cloth simulation)\debug\gd2p02 -.df0b9f89.tlog\link.16472.delete.1.tlog
d:\projects\c++\game\gd2p02 - summative 3 (cloth simulation)\debug\gd2p02 -.df0b9f89.tlog\link.17008.delete.1.tlog
d:\projects\c++\game\gd2p02 - summative 3 (cloth simulation)\debug\gd2p02 -.df0b9f89.tlog\link.17028.delete.1.tlog
d:\projects\c++\game\gd2p02 - summative 3 (cloth simulation)\debug\gd2p02 -.df0b9f89.tlog\link.17364.delete.1.tlog
d:\projects\c++\game\gd2p02 - summative 3 (cloth simulation)\debug\gd2p02 -.df0b9f89.tlog\link.17624.delete.1.tlog
d:\projects\c++\game\gd2p02 - summative 3 (cloth simulation)\debug\gd2p02 -.df0b9f89.tlog\link.18052.delete.1.tlog
d:\projects\c++\game\gd2p02 - summative 3 (cloth simulation)\debug\gd2p02 -.df0b9f89.tlog\link.18216.delete.1.tlog
d:\projects\c++\game\gd2p02 - summative 3 (cloth simulation)\debug\gd2p02 -.df0b9f89.tlog\link.18600.delete.1.tlog
d:\projects\c++\game\gd2p02 - summative 3 (cloth simulation)\debug\gd2p02 -.df0b9f89.tlog\link.18652.delete.1.tlog
d:\projects\c++\game\gd2p02 - summative 3 (cloth simulation)\debug\gd2p02 -.df0b9f89.tlog\link.18656.delete.1.tlog
d:\projects\c++\game\gd2p02 - summative 3 (cloth simulation)\debug\gd2p02 -.df0b9f89.tlog\link.18812.delete.1.tlog
d:\projects\c++\game\gd2p02 - summative 3 (cloth simulation)\debug\gd2p02 -.df0b9f89.tlog\link.18836.delete.1.tlog
d:\projects\c++\game\gd2p02 - summative 3 (cloth simulation)\debug\gd2p02 -.df0b9f89.tlog\link.19080.delete.1.tlog
d:\projects\c++\game\gd2p02 - summative 3 (cloth simulation)\debug\gd2p02 -.df0b9f89.tlog\link.19876.delete.1.tlog
d:\projects\c++\game\gd2p02 - summative 3 (cloth simulation)\debug\gd2p02 -.df0b9f89.tlog\link.19992.delete.1.tlog
d:\projects\c++\game\gd2p02 - summative 3 (cloth simulation)\debug\gd2p02 -.df0b9f89.tlog\link.20092.delete.1.tlog
d:\projects\c++\game\gd2p02 - summative 3 (cloth simulation)\debug\gd2p02 -.df0b9f89.tlog\link.20100.delete.1.tlog
d:\projects\c++\game\gd2p02 - summative 3 (cloth simulation)\debug\gd2p02 -.df0b9f89.tlog\link.20184.delete.1.tlog
d:\projects\c++\game\gd2p02 - summative 3 (cloth simulation)\debug\gd2p02 -.df0b9f89.tlog\link.20904.delete.1.tlog
d:\projects\c++\game\gd2p02 - summative 3 (cloth simulation)\debug\gd2p02 -.df0b9f89.tlog\link.21008.delete.1.tlog
d:\projects\c++\game\gd2p02 - summative 3 (cloth simulation)\debug\gd2p02 -.df0b9f89.tlog\link.21152.delete.1.tlog
d:\projects\c++\game\gd2p02 - summative 3 (cloth simulation)\debug\gd2p02 -.df0b9f89.tlog\link.21444.delete.1.tlog
d:\projects\c++\game\gd2p02 - summative 3 (cloth simulation)\debug\gd2p02 -.df0b9f89.tlog\link.21456.delete.1.tlog
d:\projects\c++\game\gd2p02 - summative 3 (cloth simulation)\debug\gd2p02 -.df0b9f89.tlog\link.21492.delete.1.tlog
d:\projects\c++\game\gd2p02 - summative 3 (cloth simulation)\debug\gd2p02 -.df0b9f89.tlog\link.21548.delete.1.tlog
d:\projects\c++\game\gd2p02 - summative 3 (cloth simulation)\debug\gd2p02 -.df0b9f89.tlog\link.21652.delete.1.tlog
d:\projects\c++\game\gd2p02 - summative 3 (cloth simulation)\debug\gd2p02 -.df0b9f89.tlog\link.21740.delete.1.tlog
d:\projects\c++\game\gd2p02 - summative 3 (cloth simulation)\debug\gd2p02 -.df0b9f89.tlog\link.21792.delete.1.tlog
d:\projects\c++\game\gd2p02 - summative 3 (cloth simulation)\debug\gd2p02 -.df0b9f89.tlog\link.22012.delete.1.tlog
d:\projects\c++\game\gd2p02 - summative 3 (cloth simulation)\debug\gd2p02 -.df0b9f89.tlog\link.22152.delete.1.tlog
d:\projects\c++\game\gd2p02 - summative 3 (cloth simulation)\debug\gd2p02 -.df0b9f89.tlog\link.22236.delete.1.tlog
d:\projects\c++\game\gd2p02 - summative 3 (cloth simulation)\debug\gd2p02 -.df0b9f89.tlog\link.22496.delete.1.tlog
d:\projects\c++\game\gd2p02 - summative 3 (cloth simulation)\debug\gd2p02 -.df0b9f89.tlog\link.22920.delete.1.tlog
d:\projects\c++\game\gd2p02 - summative 3 (cloth simulation)\debug\gd2p02 -.df0b9f89.tlog\link.23124.delete.1.tlog
d:\projects\c++\game\gd2p02 - summative 3 (cloth simulation)\debug\gd2p02 -.df0b9f89.tlog\link.23176.delete.1.tlog
d:\projects\c++\game\gd2p02 - summative 3 (cloth simulation)\debug\gd2p02 -.df0b9f89.tlog\link.23392.delete.1.tlog
d:\projects\c++\game\gd2p02 - summative 3 (cloth simulation)\debug\gd2p02 -.df0b9f89.tlog\link.23420.delete.1.tlog
d:\projects\c++\game\gd2p02 - summative 3 (cloth simulation)\debug\gd2p02 -.df0b9f89.tlog\link.2344.delete.1.tlog
d:\projects\c++\game\gd2p02 - summative 3 (cloth simulation)\debug\gd2p02 -.df0b9f89.tlog\link.23484.delete.1.tlog
d:\projects\c++\game\gd2p02 - summative 3 (cloth simulation)\debug\gd2p02 -.df0b9f89.tlog\link.24248.delete.1.tlog
d:\projects\c++\game\gd2p02 - summative 3 (cloth simulation)\debug\gd2p02 -.df0b9f89.tlog\link.24548.delete.1.tlog
d:\projects\c++\game\gd2p02 - summative 3 (cloth simulation)\debug\gd2p02 -.df0b9f89.tlog\link.25008.delete.1.tlog
d:\projects\c++\game\gd2p02 - summative 3 (cloth simulation)\debug\gd2p02 -.df0b9f89.tlog\link.25380.delete.1.tlog
d:\projects\c++\game\gd2p02 - summative 3 (cloth simulation)\debug\gd2p02 -.df0b9f89.tlog\link.2600.delete.1.tlog
d:\projects\c++\game\gd2p02 - summative 3 (cloth simulation)\debug\gd2p02 -.df0b9f89.tlog\link.4992.delete.1.tlog
d:\projects\c++\game\gd2p02 - summative 3 (cloth simulation)\debug\gd2p02 -.df0b9f89.tlog\link.5164.delete.1.tlog
d:\projects\c++\game\gd2p02 - summative 3 (cloth simulation)\debug\gd2p02 -.df0b9f89.tlog\link.5328.delete.1.tlog
d:\projects\c++\game\gd2p02 - summative 3 (cloth simulation)\debug\gd2p02 -.df0b9f89.tlog\link.6100.delete.1.tlog
d:\projects\c++\game\gd2p02 - summative 3 (cloth simulation)\debug\gd2p02 -.df0b9f89.tlog\link.6140.delete.1.tlog
d:\projects\c++\game\gd2p02 - summative 3 (cloth simulation)\debug\gd2p02 -.df0b9f89.tlog\link.6340.delete.1.tlog
d:\projects\c++\game\gd2p02 - summative 3 (cloth simulation)\debug\gd2p02 -.df0b9f89.tlog\link.8396.delete.1.tlog
d:\projects\c++\game\gd2p02 - summative 3 (cloth simulation)\debug\gd2p02 -.df0b9f89.tlog\link.8692.delete.1.tlog
d:\projects\c++\game\gd2p02 - summative 3 (cloth simulation)\debug\gd2p02 -.df0b9f89.tlog\link.9120.delete.1.tlog
d:\projects\c++\game\gd2p02 - summative 3 (cloth simulation)\debug\gd2p02 -.df0b9f89.tlog\link.9724.delete.1.tlog
d:\projects\c++\game\gd2p02 - summative 3 (cloth simulation)\debug\gd2p02 -.df0b9f89.tlog\link.9764.delete.1.tlog
d:\projects\c++\game\gd2p02 - summative 3 (cloth simulation)\debug\gd2p02 -.df0b9f89.tlog\link.9904.delete.1.tlog
d:\projects\c++\game\gd2p02 - summative 3 (cloth simulation)\debug\gd2p02 -.df0b9f89.tlog\link.9960.delete.1.tlog
d:\projects\c++\game\gd2p02 - summative 3 (cloth simulation)\debug\gd2p02 -.df0b9f89.tlog\link.command.1.tlog
d:\projects\c++\game\gd2p02 - summative 3 (cloth simulation)\debug\gd2p02 -.df0b9f89.tlog\link.read.1.tlog
d:\projects\c++\game\gd2p02 - summative 3 (cloth simulation)\debug\gd2p02 -.df0b9f89.tlog\link.write.1.tlog
