d:\projects\c++\game\engine\debug\engine.pdb
d:\projects\c++\game\engine\debug\engine.idb
d:\projects\c++\game\engine\debug\camera3d.obj
d:\projects\c++\game\engine\debug\camera2d.obj
d:\projects\c++\game\engine\debug\font.obj
d:\projects\c++\game\engine\debug\room.obj
d:\projects\c++\game\engine\debug\backgroundlayer.obj
d:\projects\c++\game\engine\debug\instancelayer.obj
d:\projects\c++\game\engine\debug\particlelayer.obj
d:\projects\c++\game\engine\debug\button.obj
d:\projects\c++\game\engine\debug\model.obj
d:\projects\c++\game\engine\debug\modelmesh.obj
d:\projects\c++\game\engine\debug\slider.obj
d:\projects\c++\game\engine\debug\label.obj
d:\projects\c++\game\engine\debug\particle3d.obj
d:\projects\c++\game\engine\debug\particlelayer3d.obj
d:\projects\c++\game\engine\debug\guicontrol.obj
d:\projects\c++\game\engine\debug\perlinnoise.obj
d:\projects\c++\game\engine\debug\camerafirsperson.obj
d:\projects\c++\game\engine\debug\mesharray.obj
d:\projects\c++\game\engine\debug\guilayer.obj
d:\projects\c++\game\engine\debug\fboobject.obj
d:\projects\c++\game\engine\debug\uniformmanager.obj
d:\projects\c++\game\engine\debug\terrain.obj
d:\projects\c++\game\engine\debug\textbox.obj
d:\projects\c++\game\engine\debug\timer.obj
d:\projects\c++\game\engine\debug\tilemaplayer.obj
d:\projects\c++\game\engine\debug\texture.obj
d:\projects\c++\game\engine\debug\sprite.obj
d:\projects\c++\game\engine\debug\program.obj
d:\projects\c++\game\engine\debug\object.obj
d:\projects\c++\game\engine\debug\mesh.obj
d:\projects\c++\game\engine\debug\helper.obj
d:\projects\c++\game\engine\debug\camera.obj
d:\projects\c++\game\engine\debug\input.obj
d:\projects\c++\game\engine\debug\soundmanager.obj
d:\projects\c++\game\engine\debug\boundingbox.obj
d:\projects\c++\game\engine\debug\graphics.obj
d:\projects\c++\game\engine\debug\particle.obj
d:\projects\c++\game\engine\debug\manager.obj
d:\projects\c++\game\engine\debug\camerafollow.obj
d:\projects\c++\game\engine\debug\camerarotate3d.obj
d:\projects\c++\game\debug\engine.lib
d:\projects\c++\game\debug\engine.pdb
d:\projects\c++\game\engine\debug\engine.tlog\cl.command.1.tlog
d:\projects\c++\game\engine\debug\engine.tlog\cl.read.1.tlog
d:\projects\c++\game\engine\debug\engine.tlog\cl.write.1.tlog
d:\projects\c++\game\engine\debug\engine.tlog\lib-link.read.1.tlog
d:\projects\c++\game\engine\debug\engine.tlog\lib-link.write.1.tlog
d:\projects\c++\game\engine\debug\engine.tlog\lib.command.1.tlog
